{
  message: 'Database connected successfully',
  level: 'info',
  service: 'user-service',
  label: 'right meow!',
  timestamp: '2023-06-28T02:19:16.201Z'
}
{
  message: 'Example app listening on port 5000',
  level: 'info',
  service: 'user-service',
  label: 'right meow!',
  timestamp: '2023-06-28T02:19:16.218Z'
}
{
  message: 'Database connected successfully',
  level: 'info',
  service: 'user-service',
  label: 'right meow!',
  timestamp: '2023-06-28T02:19:50.173Z'
}
{
  message: 'Example app listening on port 5000',
  level: 'info',
  service: 'user-service',
  label: 'right meow!',
  timestamp: '2023-06-28T02:19:50.191Z'
}
{
  message: 'Database connected successfully',
  level: 'info',
  service: 'user-service',
  label: 'right meow!',
  timestamp: '2023-06-28T02:21:31.414Z'
}
{
  message: 'Example app listening on port 5000',
  level: 'info',
  service: 'user-service',
  label: 'right meow!',
  timestamp: '2023-06-28T02:21:31.434Z'
}
{
  message: 'Database connected successfully',
  level: 'info',
  service: 'user-service',
  label: 'right meow!',
  timestamp: '2023-06-28T02:24:46.108Z'
}
{
  message: 'Example app listening on port 5000',
  level: 'info',
  service: 'user-service',
  label: 'right meow!',
  timestamp: '2023-06-28T02:24:46.130Z'
}
{
  message: 'Database connected successfully',
  level: 'info',
  service: 'user-service',
  label: 'right meow!',
  timestamp: '2023-06-28T02:25:09.913Z'
}
{
  message: 'Example app listening on port 5000',
  level: 'info',
  service: 'user-service',
  label: 'right meow!',
  timestamp: '2023-06-28T02:25:09.927Z'
}
{
  message: 'Database connected successfully',
  level: 'info',
  service: 'user-service',
  label: 'right meow!',
  timestamp: '2023-06-28T02:25:31.976Z'
}
{
  message: 'Example app listening on port 5000',
  level: 'info',
  service: 'user-service',
  label: 'right meow!',
  timestamp: '2023-06-28T02:25:31.995Z'
}
